{"C:\\Users\\x151393\\Desktop\\TeamLC\\young-guns\\horoscope\\index.js": {"path":"C:\\Users\\x151393\\Desktop\\TeamLC\\young-guns\\horoscope\\index.js","statementMap":{"0":{"start":{"line":1,"column":0},"end":{"line":41,"column":2}},"1":{"start":{"line":2,"column":2},"end":{"line":40,"column":3}},"2":{"start":{"line":4,"column":18},"end":{"line":7,"column":7}},"3":{"start":{"line":8,"column":6},"end":{"line":8,"column":17}},"4":{"start":{"line":11,"column":18},"end":{"line":14,"column":7}},"5":{"start":{"line":15,"column":6},"end":{"line":15,"column":17}},"6":{"start":{"line":18,"column":18},"end":{"line":21,"column":7}},"7":{"start":{"line":22,"column":6},"end":{"line":22,"column":17}},"8":{"start":{"line":25,"column":18},"end":{"line":28,"column":7}},"9":{"start":{"line":29,"column":6},"end":{"line":29,"column":17}},"10":{"start":{"line":32,"column":18},"end":{"line":35,"column":7}},"11":{"start":{"line":36,"column":6},"end":{"line":36,"column":17}},"12":{"start":{"line":39,"column":6},"end":{"line":39,"column":27}},"13":{"start":{"line":43,"column":0},"end":{"line":43,"column":27}}},"fnMap":{"0":{"name":"(anonymous_0)","decl":{"start":{"line":1,"column":12},"end":{"line":1,"column":13}},"loc":{"start":{"line":1,"column":23},"end":{"line":41,"column":1}},"line":1}},"branchMap":{"0":{"loc":{"start":{"line":2,"column":2},"end":{"line":40,"column":3}},"type":"switch","locations":[{"start":{"line":3,"column":4},"end":{"line":8,"column":17}},{"start":{"line":10,"column":4},"end":{"line":15,"column":17}},{"start":{"line":17,"column":4},"end":{"line":22,"column":17}},{"start":{"line":24,"column":4},"end":{"line":29,"column":17}},{"start":{"line":31,"column":4},"end":{"line":36,"column":17}},{"start":{"line":38,"column":4},"end":{"line":39,"column":27}}],"line":2}},"s":{"0":1,"1":6,"2":1,"3":1,"4":1,"5":1,"6":1,"7":1,"8":1,"9":1,"10":1,"11":1,"12":1,"13":1},"f":{"0":6},"b":{"0":[1,1,1,1,1,1]},"_coverageSchema":"1a1c01bbd47fc00a2c39e90264f33305004495a9","hash":"963874c6ac47452639368ac2303cb68279d50dca"}
}
